#
# There is insufficient memory for the Java Runtime Environment to continue.
# Native memory allocation (mmap) failed to map 33554432 bytes for G1 virtual space
# Possible reasons:
#   The system is out of physical RAM or swap space
#   The process is running with CompressedOops enabled, and the Java Heap may be blocking the growth of the native heap
# Possible solutions:
#   Reduce memory load on the system
#   Increase physical memory or swap space
#   Check if swap backing store is full
#   Decrease Java heap size (-Xmx/-Xms)
#   Decrease number of Java threads
#   Decrease Java thread stack sizes (-Xss)
#   Set larger code cache with -XX:ReservedCodeCacheSize=
#   JVM is running with Unscaled Compressed Oops mode in which the Java heap is
#     placed in the first 4GB address space. The Java Heap base address is the
#     maximum limit for the native heap growth. Please use -XX:HeapBaseMinAddress
#     to set the Java Heap base and to place the Java Heap above 4GB virtual address.
# This output file may be truncated or incomplete.
#
#  Out of Memory Error (os_windows.cpp:3530), pid=6212, tid=9896
#
# JRE version:  (18.0.2+9) (build )
# Java VM: Java HotSpot(TM) 64-Bit Server VM (18.0.2+9-61, mixed mode, sharing, tiered, compressed oops, compressed class ptrs, g1 gc, windows-amd64)
# No core dump will be written. Minidumps are not enabled by default on client versions of Windows
#

---------------  S U M M A R Y ------------

Command Line: -Dfile.encoding=UTF-8 --module-path=D:\c folder\Documents\NetBeansProjects\Electricty Billing System\build\classes electricty.billing.system.login

Host: Intel(R) Core(TM) i3-2328M CPU @ 2.20GHz, 4 cores, 1G,  Windows 10 , 64 bit Build 10240 (10.0.10240.16384)
Time: Tue Jun 20 17:21:04 2023 India Standard Time elapsed time: 0.312645 seconds (0d 0h 0m 0s)

---------------  T H R E A D  ---------------

Current thread (0x000000bca91aa1a0):  JavaThread "Unknown thread" [_thread_in_vm, id=9896, stack(0x000000bca8880000,0x000000bca8980000)]

Stack: [0x000000bca8880000,0x000000bca8980000]
Native frames: (J=compiled Java code, j=interpreted, Vv=VM code, C=native code)
V  [jvm.dll+0x6993ca]
V  [jvm.dll+0x7f481d]
V  [jvm.dll+0x7f612e]
V  [jvm.dll+0x7f67e3]
V  [jvm.dll+0x25cdaf]
V  [jvm.dll+0x696319]
V  [jvm.dll+0x68ae4a]
V  [jvm.dll+0x3223eb]
V  [jvm.dll+0x329dc6]
V  [jvm.dll+0x37eade]
V  [jvm.dll+0x37ed0f]
V  [jvm.dll+0x2fa16a]
V  [jvm.dll+0x2fb1cd]
V  [jvm.dll+0x7c3450]
V  [jvm.dll+0x38be61]
V  [jvm.dll+0x7a2073]
V  [jvm.dll+0x40dc3f]
V  [jvm.dll+0x40f611]
C  [jli.dll+0x526b]
C  [ucrtbase.dll+0x682dd]
C  [KERNEL32.DLL+0x12d92]
C  [ntdll.dll+0x9f64]


---------------  P R O C E S S  ---------------

Threads class SMR info:
_java_thread_list=0x00007ffc32f6e550, length=0, elements={
}

Java Threads: ( => current thread )

Other Threads:
  0x000000bca91dad60 WorkerThread "GC Thread#0" [stack: 0x000000bcc0c10000,0x000000bcc0d10000] [id=11720]
  0x000000bca91e0490 ConcurrentGCThread "G1 Main Marker" [stack: 0x000000bcc0d10000,0x000000bcc0e10000] [id=5672]
  0x000000bca91e0e80 WorkerThread "G1 Conc#0" [stack: 0x000000bcc0e10000,0x000000bcc0f10000] [id=11936]

[error occurred during error reporting (printing all threads), id 0xc0000005, EXCEPTION_ACCESS_VIOLATION (0xc0000005) at pc=0x00007ffc3279a707]

VM state: not at safepoint (not fully initialized)

VM Mutex/Monitor currently owned by a thread:  ([mutex/lock_event])
[0x000000bca91a5230] Heap_lock - owner thread: 0x000000bca91aa1a0

Heap address: 0x00000000e1e00000, size: 482 MB, Compressed Oops mode: 32-bit

CDS archive(s) mapped at: [0x0000000000000000-0x0000000000000000-0x0000000000000000), size 0, SharedBaseAddress: 0x0000000800000000, ArchiveRelocationMode: 0.
Narrow klass base: 0x0000000000000000, Narrow klass shift: 0, Narrow klass range: 0x0

GC Precious Log:
 CardTable entry size: 512
 Card Set container configuration: InlinePtr #cards 5 size 8 Array Of Cards #cards 12 size 40 Howl #buckets 4 coarsen threshold 1843 Howl Bitmap #cards 512 size 80 coarsen threshold 460 Card regions per heap region 1 cards per card region 2048

Heap:
 garbage-first heap   total 0K, used 0K [0x00000000e1e00000, 0x0000000100000000)
  region size 1024K, 0 young (0K), 0 survivors (0K)

[error occurred during error reporting (printing heap information), id 0xc0000005, EXCEPTION_ACCESS_VIOLATION (0xc0000005) at pc=0x00007ffc32b81859]

GC Heap History (0 events):
No events

Deoptimization events (0 events):
No events

Classes loaded (0 events):
No events

Classes unloaded (0 events):
No events

Classes redefined (0 events):
No events

Internal exceptions (0 events):
No events

VM Operations (0 events):
No events

Events (1 events):
Event: 0.121 Loaded shared library C:\Program Files\Java\jdk-18.0.2\bin\java.dll


Dynamic libraries:
0x00007ff6612d0000 - 0x00007ff6612e0000 	C:\Program Files\Java\jdk-18.0.2\bin\java.exe
0x00007ffc83180000 - 0x00007ffc83342000 	C:\Windows\SYSTEM32\ntdll.dll
0x00007ffc80a10000 - 0x00007ffc80abd000 	C:\Windows\system32\KERNEL32.DLL
0x00007ffc7fc50000 - 0x00007ffc7fe2d000 	C:\Windows\system32\KERNELBASE.dll
0x00007ffc748e0000 - 0x00007ffc748f8000 	C:\Program Files\Java\jdk-18.0.2\bin\jli.dll
0x00007ffc79220000 - 0x00007ffc7923a000 	C:\Program Files\Java\jdk-18.0.2\bin\VCRUNTIME140.dll
0x00007ffc80f10000 - 0x00007ffc80fb6000 	C:\Windows\system32\ADVAPI32.dll
0x00007ffc78860000 - 0x00007ffc78952000 	C:\Windows\SYSTEM32\ucrtbase.dll
0x00007ffc82900000 - 0x00007ffc8299d000 	C:\Windows\system32\msvcrt.dll
0x00007ffc828a0000 - 0x00007ffc828fb000 	C:\Windows\system32\sechost.dll
0x00007ffc80c10000 - 0x00007ffc80d36000 	C:\Windows\system32\RPCRT4.dll
0x00007ffc80ac0000 - 0x00007ffc80c0e000 	C:\Windows\system32\USER32.dll
0x00007ffc82650000 - 0x00007ffc827d5000 	C:\Windows\system32\GDI32.dll
0x00007ffc739a0000 - 0x00007ffc73c14000 	C:\Windows\WinSxS\amd64_microsoft.windows.common-controls_6595b64144ccf1df_6.0.10240.16384_none_f41f7b285750ef43\COMCTL32.dll
0x00007ffc7cb70000 - 0x00007ffc7cb7a000 	C:\Windows\SYSTEM32\VERSION.dll
0x00007ffc82840000 - 0x00007ffc82876000 	C:\Windows\system32\IMM32.DLL
0x00007ffc80fc0000 - 0x00007ffc8111c000 	C:\Windows\system32\MSCTF.dll
0x00007ffc79210000 - 0x00007ffc7921c000 	C:\Program Files\Java\jdk-18.0.2\bin\vcruntime140_1.dll
0x00007ffc78060000 - 0x00007ffc780ed000 	C:\Program Files\Java\jdk-18.0.2\bin\msvcp140.dll
0x00007ffc32490000 - 0x00007ffc330a1000 	C:\Program Files\Java\jdk-18.0.2\bin\server\jvm.dll
0x00007ffc82890000 - 0x00007ffc82898000 	C:\Windows\system32\PSAPI.DLL
0x00007ffc757e0000 - 0x00007ffc75803000 	C:\Windows\SYSTEM32\WINMM.dll
0x00007ffc72700000 - 0x00007ffc72709000 	C:\Windows\SYSTEM32\WSOCK32.dll
0x00007ffc80850000 - 0x00007ffc808b9000 	C:\Windows\system32\WS2_32.dll
0x000000bca8850000 - 0x000000bca887c000 	C:\Windows\SYSTEM32\WINMMBASE.dll
0x00007ffc83100000 - 0x00007ffc83108000 	C:\Windows\system32\NSI.dll
0x00007ffc7fe30000 - 0x00007ffc7fe74000 	C:\Windows\system32\cfgmgr32.dll
0x00007ffc7e4e0000 - 0x00007ffc7e507000 	C:\Windows\SYSTEM32\DEVOBJ.dll
0x00007ffc7fbb0000 - 0x00007ffc7fbbf000 	C:\Windows\system32\kernel.appcore.dll
0x00007ffc78a90000 - 0x00007ffc78a9a000 	C:\Program Files\Java\jdk-18.0.2\bin\jimage.dll
0x00007ffc71670000 - 0x00007ffc717fa000 	C:\Windows\SYSTEM32\DBGHELP.DLL
0x00007ffc72400000 - 0x00007ffc72425000 	C:\Windows\SYSTEM32\dbgcore.DLL
0x00007ffc79110000 - 0x00007ffc79135000 	C:\Program Files\Java\jdk-18.0.2\bin\java.dll

dbghelp: loaded successfully - version: 4.0.5 - missing functions: none
symbol engine: initialized successfully - sym options: 0x614 - pdb path: .;C:\Program Files\Java\jdk-18.0.2\bin;C:\Windows\SYSTEM32;C:\Windows\WinSxS\amd64_microsoft.windows.common-controls_6595b64144ccf1df_6.0.10240.16384_none_f41f7b285750ef43;C:\Program Files\Java\jdk-18.0.2\bin\server

VM Arguments:
jvm_args: -Dfile.encoding=UTF-8 --module-path=D:\c folder\Documents\NetBeansProjects\Electricty Billing System\build\classes 
java_command: electricty.billing.system.login
java_class_path (initial): D:\c folder\Documents\NetBeansProjects\Electricty Billing System\build\classes
Launcher Type: SUN_STANDARD

[Global flags]
     intx CICompilerCount                          = 3                                         {product} {ergonomic}
     uint ConcGCThreads                            = 1                                         {product} {ergonomic}
     uint G1ConcRefinementThreads                  = 4                                         {product} {ergonomic}
   size_t G1HeapRegionSize                         = 1048576                                   {product} {ergonomic}
    uintx GCDrainStackTargetSize                   = 64                                        {product} {ergonomic}
   size_t InitialHeapSize                          = 33554432                                  {product} {ergonomic}
   size_t MarkStackSize                            = 4194304                                   {product} {ergonomic}
   size_t MaxHeapSize                              = 505413632                                 {product} {ergonomic}
   size_t MinHeapDeltaBytes                        = 1048576                                   {product} {ergonomic}
   size_t MinHeapSize                              = 8388608                                   {product} {ergonomic}
    uintx NonNMethodCodeHeapSize                   = 5832780                                {pd product} {ergonomic}
    uintx NonProfiledCodeHeapSize                  = 122912730                              {pd product} {ergonomic}
    uintx ProfiledCodeHeapSize                     = 122912730                              {pd product} {ergonomic}
    uintx ReservedCodeCacheSize                    = 251658240                              {pd product} {ergonomic}
     bool SegmentedCodeCache                       = true                                      {product} {ergonomic}
   size_t SoftMaxHeapSize                          = 505413632                              {manageable} {ergonomic}
     bool UseCompressedClassPointers               = true                           {product lp64_product} {ergonomic}
     bool UseCompressedOops                        = true                           {product lp64_product} {ergonomic}
     bool UseG1GC                                  = true                                      {product} {ergonomic}
     bool UseLargePagesIndividualAllocation        = false                                  {pd product} {ergonomic}

Logging:
Log output configuration:
 #0: stdout all=warning uptime,level,tags foldmultilines=false
 #1: stderr all=off uptime,level,tags foldmultilines=false

Environment Variables:
PATH=C:\Windows\System32;C:\Program Files\MySQL\MySQL Shell 8.0\bin\;C:\Windows\System32;C:\Users\dell\AppData\Local\Programs\Microsoft VS Code\bin
USERNAME=dell
OS=Windows_NT
PROCESSOR_IDENTIFIER=Intel64 Family 6 Model 42 Stepping 7, GenuineIntel



---------------  S Y S T E M  ---------------

OS:
 Windows 10 , 64 bit Build 10240 (10.0.10240.16384)
OS uptime: 0 days 3:37 hours

CPU: total 4 (initial active 4) (2 cores per cpu, 2 threads per core) family 6 model 42 stepping 7 microcode 0x29, cx8, cmov, fxsr, ht, mmx, sse, sse2, sse3, ssse3, sse4.1, sse4.2, popcnt, tsc, tscinvbit, avx, clmul, vzeroupper, clflush

Memory: 4k page, system-wide physical 1921M (31M free)
TotalPageFile size 7809M (AvailPageFile size 39M)
current process WorkingSet (physical memory assigned to process): 9M, peak: 9M
current process commit charge ("private bytes"): 51M, peak: 83M

vm_info: Java HotSpot(TM) 64-Bit Server VM (18.0.2+9-61) for windows-amd64 JRE (18.0.2+9-61), built on Jun  7 2022 13:09:01 by "mach5one" with MS VC++ 16.8 / 16.9 (VS2019)

END.
