#
# There is insufficient memory for the Java Runtime Environment to continue.
# Native memory allocation (mmap) failed to map 65536 bytes for Failed to commit metaspace.
# Possible reasons:
#   The system is out of physical RAM or swap space
#   The process is running with CompressedOops enabled, and the Java Heap may be blocking the growth of the native heap
# Possible solutions:
#   Reduce memory load on the system
#   Increase physical memory or swap space
#   Check if swap backing store is full
#   Decrease Java heap size (-Xmx/-Xms)
#   Decrease number of Java threads
#   Decrease Java thread stack sizes (-Xss)
#   Set larger code cache with -XX:ReservedCodeCacheSize=
#   JVM is running with Unscaled Compressed Oops mode in which the Java heap is
#     placed in the first 4GB address space. The Java Heap base address is the
#     maximum limit for the native heap growth. Please use -XX:HeapBaseMinAddress
#     to set the Java Heap base and to place the Java Heap above 4GB virtual address.
# This output file may be truncated or incomplete.
#
#  Out of Memory Error (virtualSpaceNode.cpp:110), pid=7040, tid=7728
#
# JRE version:  (18.0.2+9) (build )
# Java VM: Java HotSpot(TM) 64-Bit Server VM (18.0.2+9-61, mixed mode, tiered, compressed oops, compressed class ptrs, g1 gc, windows-amd64)
# No core dump will be written. Minidumps are not enabled by default on client versions of Windows
#

---------------  S U M M A R Y ------------

Command Line: -Dfile.encoding=UTF-8 --module-path=D:\c folder\Documents\NetBeansProjects\Electricty Billing System\build\classes electricty.billing.system.Signup

Host: Intel(R) Core(TM) i3-2328M CPU @ 2.20GHz, 4 cores, 1G,  Windows 10 , 64 bit Build 10240 (10.0.10240.16384)
Time: Wed Jun 21 02:06:51 2023 India Standard Time elapsed time: 0.124093 seconds (0d 0h 0m 0s)

---------------  T H R E A D  ---------------

Current thread (0x0000004c4c489a10):  JavaThread "Unknown thread" [_thread_in_vm, id=7728, stack(0x0000004c4bb60000,0x0000004c4bc60000)]

Stack: [0x0000004c4bb60000,0x0000004c4bc60000]
Native frames: (J=compiled Java code, j=interpreted, Vv=VM code, C=native code)
V  [jvm.dll+0x6993ca]
V  [jvm.dll+0x7f481d]
V  [jvm.dll+0x7f612e]
V  [jvm.dll+0x7f67e3]
V  [jvm.dll+0x25cdaf]
V  [jvm.dll+0x7f052b]
V  [jvm.dll+0x63f546]
V  [jvm.dll+0x63f5aa]
V  [jvm.dll+0x641e2e]
V  [jvm.dll+0x641cee]
V  [jvm.dll+0x63ff0e]
V  [jvm.dll+0x25152f]
V  [jvm.dll+0x64a545]
V  [jvm.dll+0x2027b1]
V  [jvm.dll+0x202ce5]
V  [jvm.dll+0x20371f]
V  [jvm.dll+0x1f8bb1]
V  [jvm.dll+0x55dc05]
V  [jvm.dll+0x209a67]
V  [jvm.dll+0x76dddd]
V  [jvm.dll+0x76f116]
V  [jvm.dll+0x76f448]
V  [jvm.dll+0x7f2c0f]
V  [jvm.dll+0x7f29aa]
V  [jvm.dll+0x7c1c94]
V  [jvm.dll+0x7c337d]
V  [jvm.dll+0x38be91]
V  [jvm.dll+0x7a2073]
V  [jvm.dll+0x40dc3f]
V  [jvm.dll+0x40f611]
C  [jli.dll+0x526b]
C  [ucrtbase.dll+0x682dd]
C  [KERNEL32.DLL+0x12d92]
C  [ntdll.dll+0x9f64]


---------------  P R O C E S S  ---------------

Threads class SMR info:
_java_thread_list=0x00007ffc64c0e550, length=0, elements={
}

Java Threads: ( => current thread )

Other Threads:
  0x0000004c4c4bb4f0 WorkerThread "GC Thread#0" [stack: 0x0000004c63ef0000,0x0000004c63ff0000] [id=4420]
  0x0000004c4c4bff70 ConcurrentGCThread "G1 Main Marker" [stack: 0x0000004c63ff0000,0x0000004c640f0000] [id=11632]
  0x0000004c4c4c1430 WorkerThread "G1 Conc#0" [stack: 0x0000004c640f0000,0x0000004c641f0000] [id=11752]
  0x0000004c4c4e18d0 ConcurrentGCThread "G1 Refine#0" [stack: 0x0000004c66630000,0x0000004c66730000] [id=6448]
  0x0000004c4c4e3d10 ConcurrentGCThread "G1 Service" [stack: 0x0000004c66730000,0x0000004c66830000] [id=7428]

=>0x0000004c4c489a10 (exited) JavaThread "Unknown thread" [_thread_in_vm, id=7728, stack(0x0000004c4bb60000,0x0000004c4bc60000)]

Threads with active compile tasks:

VM state: not at safepoint (not fully initialized)

VM Mutex/Monitor currently owned by a thread:  ([mutex/lock_event])
[0x0000004c4c483970] Metaspace_lock - owner thread: 0x0000004c4c489a10

Heap address: 0x00000000e1e00000, size: 482 MB, Compressed Oops mode: 32-bit

CDS archive(s) not mapped
Compressed class space mapped at: 0x0000000100000000-0x0000000140000000, reserved size: 1073741824
Narrow klass base: 0x0000000000000000, Narrow klass shift: 3, Narrow klass range: 0x140000000

GC Precious Log:
 CardTable entry size: 512
 Card Set container configuration: InlinePtr #cards 5 size 8 Array Of Cards #cards 12 size 40 Howl #buckets 4 coarsen threshold 1843 Howl Bitmap #cards 512 size 80 coarsen threshold 460 Card regions per heap region 1 cards per card region 2048
 CPUs: 4 total, 4 available
 Memory: 1921M
 Large Page Support: Disabled
 NUMA Support: Disabled
 Compressed Oops: Enabled (32-bit)
 Heap Region Size: 1M
 Heap Min Capacity: 8M
 Heap Initial Capacity: 32M
 Heap Max Capacity: 482M
 Pre-touch: Disabled
 Parallel Workers: 4
 Concurrent Workers: 1
 Concurrent Refinement Workers: 4
 Periodic GC: Disabled

Heap:
 garbage-first heap   total 32768K, used 0K [0x00000000e1e00000, 0x0000000100000000)
  region size 1024K, 1 young (1024K), 0 survivors (0K)
 Metaspace       used 1168K, committed 1216K, reserved 1114112K
  class space    used 80K, committed 128K, reserved 1048576K

Heap Regions: E=young(eden), S=young(survivor), O=old, HS=humongous(starts), HC=humongous(continues), CS=collection set, F=free, OA=open archive, CA=closed archive, TAMS=top-at-mark-start (previous, next)
|   0|0x00000000e1e00000, 0x00000000e1e00000, 0x00000000e1f00000|  0%| F|  |TAMS 0x00000000e1e00000, 0x00000000e1e00000| Untracked 
|   1|0x00000000e1f00000, 0x00000000e1f00000, 0x00000000e2000000|  0%| F|  |TAMS 0x00000000e1f00000, 0x00000000e1f00000| Untracked 
|   2|0x00000000e2000000, 0x00000000e2000000, 0x00000000e2100000|  0%| F|  |TAMS 0x00000000e2000000, 0x00000000e2000000| Untracked 
|   3|0x00000000e2100000, 0x00000000e2100000, 0x00000000e2200000|  0%| F|  |TAMS 0x00000000e2100000, 0x00000000e2100000| Untracked 
|   4|0x00000000e2200000, 0x00000000e2200000, 0x00000000e2300000|  0%| F|  |TAMS 0x00000000e2200000, 0x00000000e2200000| Untracked 
|   5|0x00000000e2300000, 0x00000000e2300000, 0x00000000e2400000|  0%| F|  |TAMS 0x00000000e2300000, 0x00000000e2300000| Untracked 
|   6|0x00000000e2400000, 0x00000000e2400000, 0x00000000e2500000|  0%| F|  |TAMS 0x00000000e2400000, 0x00000000e2400000| Untracked 
|   7|0x00000000e2500000, 0x00000000e2500000, 0x00000000e2600000|  0%| F|  |TAMS 0x00000000e2500000, 0x00000000e2500000| Untracked 
|   8|0x00000000e2600000, 0x00000000e2600000, 0x00000000e2700000|  0%| F|  |TAMS 0x00000000e2600000, 0x00000000e2600000| Untracked 
|   9|0x00000000e2700000, 0x00000000e2700000, 0x00000000e2800000|  0%| F|  |TAMS 0x00000000e2700000, 0x00000000e2700000| Untracked 
|  10|0x00000000e2800000, 0x00000000e2800000, 0x00000000e2900000|  0%| F|  |TAMS 0x00000000e2800000, 0x00000000e2800000| Untracked 
|  11|0x00000000e2900000, 0x00000000e2900000, 0x00000000e2a00000|  0%| F|  |TAMS 0x00000000e2900000, 0x00000000e2900000| Untracked 
|  12|0x00000000e2a00000, 0x00000000e2a00000, 0x00000000e2b00000|  0%| F|  |TAMS 0x00000000e2a00000, 0x00000000e2a00000| Untracked 
|  13|0x00000000e2b00000, 0x00000000e2b00000, 0x00000000e2c00000|  0%| F|  |TAMS 0x00000000e2b00000, 0x00000000e2b00000| Untracked 
|  14|0x00000000e2c00000, 0x00000000e2c00000, 0x00000000e2d00000|  0%| F|  |TAMS 0x00000000e2c00000, 0x00000000e2c00000| Untracked 
|  15|0x00000000e2d00000, 0x00000000e2d00000, 0x00000000e2e00000|  0%| F|  |TAMS 0x00000000e2d00000, 0x00000000e2d00000| Untracked 
|  16|0x00000000e2e00000, 0x00000000e2e00000, 0x00000000e2f00000|  0%| F|  |TAMS 0x00000000e2e00000, 0x00000000e2e00000| Untracked 
|  17|0x00000000e2f00000, 0x00000000e2f00000, 0x00000000e3000000|  0%| F|  |TAMS 0x00000000e2f00000, 0x00000000e2f00000| Untracked 
|  18|0x00000000e3000000, 0x00000000e3000000, 0x00000000e3100000|  0%| F|  |TAMS 0x00000000e3000000, 0x00000000e3000000| Untracked 
|  19|0x00000000e3100000, 0x00000000e3100000, 0x00000000e3200000|  0%| F|  |TAMS 0x00000000e3100000, 0x00000000e3100000| Untracked 
|  20|0x00000000e3200000, 0x00000000e3200000, 0x00000000e3300000|  0%| F|  |TAMS 0x00000000e3200000, 0x00000000e3200000| Untracked 
|  21|0x00000000e3300000, 0x00000000e3300000, 0x00000000e3400000|  0%| F|  |TAMS 0x00000000e3300000, 0x00000000e3300000| Untracked 
|  22|0x00000000e3400000, 0x00000000e3400000, 0x00000000e3500000|  0%| F|  |TAMS 0x00000000e3400000, 0x00000000e3400000| Untracked 
|  23|0x00000000e3500000, 0x00000000e3500000, 0x00000000e3600000|  0%| F|  |TAMS 0x00000000e3500000, 0x00000000e3500000| Untracked 
|  24|0x00000000e3600000, 0x00000000e3600000, 0x00000000e3700000|  0%| F|  |TAMS 0x00000000e3600000, 0x00000000e3600000| Untracked 
|  25|0x00000000e3700000, 0x00000000e3700000, 0x00000000e3800000|  0%| F|  |TAMS 0x00000000e3700000, 0x00000000e3700000| Untracked 
|  26|0x00000000e3800000, 0x00000000e3800000, 0x00000000e3900000|  0%| F|  |TAMS 0x00000000e3800000, 0x00000000e3800000| Untracked 
|  27|0x00000000e3900000, 0x00000000e3900000, 0x00000000e3a00000|  0%| F|  |TAMS 0x00000000e3900000, 0x00000000e3900000| Untracked 
|  28|0x00000000e3a00000, 0x00000000e3a00000, 0x00000000e3b00000|  0%| F|  |TAMS 0x00000000e3a00000, 0x00000000e3a00000| Untracked 
|  29|0x00000000e3b00000, 0x00000000e3b00000, 0x00000000e3c00000|  0%| F|  |TAMS 0x00000000e3b00000, 0x00000000e3b00000| Untracked 
|  30|0x00000000e3c00000, 0x00000000e3c00000, 0x00000000e3d00000|  0%| F|  |TAMS 0x00000000e3c00000, 0x00000000e3c00000| Untracked 
|  31|0x00000000e3d00000, 0x00000000e3d42960, 0x00000000e3e00000| 26%| E|  |TAMS 0x00000000e3d00000, 0x00000000e3d00000| Complete 

Card table byte_map: [0x0000004c62dd0000,0x0000004c62ed0000] _byte_map_base: 0x0000004c626c1000

Marking Bits (Prev, Next): (CMBitMap*) 0x0000004c4c4bba00, (CMBitMap*) 0x0000004c4c4bba40
 Prev Bits: [0x0000004c62fd0000, 0x0000004c63758000)
 Next Bits: [0x0000004c63760000, 0x0000004c63ee8000)

GC Heap History (0 events):
No events

Deoptimization events (0 events):
No events

Classes loaded (20 events):
Event: 0.097 Loading class java/util/List
Event: 0.097 Loading class java/util/Collection
Event: 0.097 Loading class java/lang/Iterable
Event: 0.097 Loading class java/lang/Iterable done
Event: 0.097 Loading class java/util/Collection done
Event: 0.097 Loading class java/util/List done
Event: 0.097 Loading class java/util/RandomAccess
Event: 0.097 Loading class java/util/RandomAccess done
Event: 0.097 Loading class java/util/AbstractList
Event: 0.098 Loading class java/util/AbstractCollection
Event: 0.098 Loading class java/util/AbstractCollection done
Event: 0.098 Loading class java/util/AbstractList done
Event: 0.098 Loading class java/util/ArrayList done
Event: 0.098 Loading class java/lang/StackTraceElement
Event: 0.099 Loading class java/lang/StackTraceElement done
Event: 0.099 Loading class java/nio/Buffer
Event: 0.099 Loading class java/nio/Buffer done
Event: 0.099 Loading class java/lang/StackWalker
Event: 0.099 Loading class java/lang/StackWalker done
Event: 0.099 Loading class java/lang/StackStreamFactory$AbstractStackWalker

Classes unloaded (0 events):
No events

Classes redefined (0 events):
No events

Internal exceptions (0 events):
No events

VM Operations (0 events):
No events

Events (1 events):
Event: 0.017 Loaded shared library C:\Program Files\Java\jdk-18.0.2\bin\java.dll


Dynamic libraries:
0x00007ff770540000 - 0x00007ff770550000 	C:\Program Files\Java\jdk-18.0.2\bin\java.exe
0x00007ffc83180000 - 0x00007ffc83342000 	C:\Windows\SYSTEM32\ntdll.dll
0x00007ffc80a10000 - 0x00007ffc80abd000 	C:\Windows\system32\KERNEL32.DLL
0x00007ffc7fc50000 - 0x00007ffc7fe2d000 	C:\Windows\system32\KERNELBASE.dll
0x00007ffc786a0000 - 0x00007ffc786b8000 	C:\Program Files\Java\jdk-18.0.2\bin\jli.dll
0x00007ffc79550000 - 0x00007ffc7956a000 	C:\Program Files\Java\jdk-18.0.2\bin\VCRUNTIME140.dll
0x00007ffc80f10000 - 0x00007ffc80fb6000 	C:\Windows\system32\ADVAPI32.dll
0x00007ffc82900000 - 0x00007ffc8299d000 	C:\Windows\system32\msvcrt.dll
0x00007ffc828a0000 - 0x00007ffc828fb000 	C:\Windows\system32\sechost.dll
0x00007ffc80c10000 - 0x00007ffc80d36000 	C:\Windows\system32\RPCRT4.dll
0x00007ffc80ac0000 - 0x00007ffc80c0e000 	C:\Windows\system32\USER32.dll
0x00007ffc82650000 - 0x00007ffc827d5000 	C:\Windows\system32\GDI32.dll
0x00007ffc78860000 - 0x00007ffc78952000 	C:\Windows\SYSTEM32\ucrtbase.dll
0x00007ffc739a0000 - 0x00007ffc73c14000 	C:\Windows\WinSxS\amd64_microsoft.windows.common-controls_6595b64144ccf1df_6.0.10240.16384_none_f41f7b285750ef43\COMCTL32.dll
0x00007ffc7cb70000 - 0x00007ffc7cb7a000 	C:\Windows\SYSTEM32\VERSION.dll
0x00007ffc82840000 - 0x00007ffc82876000 	C:\Windows\system32\IMM32.DLL
0x00007ffc80fc0000 - 0x00007ffc8111c000 	C:\Windows\system32\MSCTF.dll
0x00007ffc7acd0000 - 0x00007ffc7acdc000 	C:\Program Files\Java\jdk-18.0.2\bin\vcruntime140_1.dll
0x00007ffc791b0000 - 0x00007ffc7923d000 	C:\Program Files\Java\jdk-18.0.2\bin\msvcp140.dll
0x00007ffc64130000 - 0x00007ffc64d41000 	C:\Program Files\Java\jdk-18.0.2\bin\server\jvm.dll
0x00007ffc82890000 - 0x00007ffc82898000 	C:\Windows\system32\PSAPI.DLL
0x00007ffc72700000 - 0x00007ffc72709000 	C:\Windows\SYSTEM32\WSOCK32.dll
0x00007ffc757e0000 - 0x00007ffc75803000 	C:\Windows\SYSTEM32\WINMM.dll
0x00007ffc80850000 - 0x00007ffc808b9000 	C:\Windows\system32\WS2_32.dll
0x00007ffc83100000 - 0x00007ffc83108000 	C:\Windows\system32\NSI.dll
0x0000004c4a350000 - 0x0000004c4a37c000 	C:\Windows\SYSTEM32\WINMMBASE.dll
0x00007ffc7fe30000 - 0x00007ffc7fe74000 	C:\Windows\system32\cfgmgr32.dll
0x00007ffc7e4e0000 - 0x00007ffc7e507000 	C:\Windows\SYSTEM32\DEVOBJ.dll
0x00007ffc7fbb0000 - 0x00007ffc7fbbf000 	C:\Windows\system32\kernel.appcore.dll
0x00007ffc79580000 - 0x00007ffc7958a000 	C:\Program Files\Java\jdk-18.0.2\bin\jimage.dll
0x00007ffc71670000 - 0x00007ffc717fa000 	C:\Windows\SYSTEM32\DBGHELP.DLL
0x00007ffc72400000 - 0x00007ffc72425000 	C:\Windows\SYSTEM32\dbgcore.DLL
0x00007ffc79470000 - 0x00007ffc79495000 	C:\Program Files\Java\jdk-18.0.2\bin\java.dll

dbghelp: loaded successfully - version: 4.0.5 - missing functions: none
symbol engine: initialized successfully - sym options: 0x614 - pdb path: .;C:\Program Files\Java\jdk-18.0.2\bin;C:\Windows\SYSTEM32;C:\Windows\WinSxS\amd64_microsoft.windows.common-controls_6595b64144ccf1df_6.0.10240.16384_none_f41f7b285750ef43;C:\Program Files\Java\jdk-18.0.2\bin\server

VM Arguments:
jvm_args: -Dfile.encoding=UTF-8 --module-path=D:\c folder\Documents\NetBeansProjects\Electricty Billing System\build\classes 
java_command: electricty.billing.system.Signup
java_class_path (initial): D:\c folder\Documents\NetBeansProjects\Electricty Billing System\build\classes
Launcher Type: SUN_STANDARD

[Global flags]
     intx CICompilerCount                          = 3                                         {product} {ergonomic}
     uint ConcGCThreads                            = 1                                         {product} {ergonomic}
     uint G1ConcRefinementThreads                  = 4                                         {product} {ergonomic}
   size_t G1HeapRegionSize                         = 1048576                                   {product} {ergonomic}
    uintx GCDrainStackTargetSize                   = 64                                        {product} {ergonomic}
   size_t InitialHeapSize                          = 33554432                                  {product} {ergonomic}
   size_t MarkStackSize                            = 4194304                                   {product} {ergonomic}
   size_t MaxHeapSize                              = 505413632                                 {product} {ergonomic}
   size_t MaxNewSize                               = 303038464                                 {product} {ergonomic}
   size_t MinHeapDeltaBytes                        = 1048576                                   {product} {ergonomic}
   size_t MinHeapSize                              = 8388608                                   {product} {ergonomic}
    uintx NonNMethodCodeHeapSize                   = 5832780                                {pd product} {ergonomic}
    uintx NonProfiledCodeHeapSize                  = 122912730                              {pd product} {ergonomic}
    uintx ProfiledCodeHeapSize                     = 122912730                              {pd product} {ergonomic}
    uintx ReservedCodeCacheSize                    = 251658240                              {pd product} {ergonomic}
     bool SegmentedCodeCache                       = true                                      {product} {ergonomic}
   size_t SoftMaxHeapSize                          = 505413632                              {manageable} {ergonomic}
     bool UseCompressedClassPointers               = true                           {product lp64_product} {ergonomic}
     bool UseCompressedOops                        = true                           {product lp64_product} {ergonomic}
     bool UseG1GC                                  = true                                      {product} {ergonomic}
     bool UseLargePagesIndividualAllocation        = false                                  {pd product} {ergonomic}

Logging:
Log output configuration:
 #0: stdout all=warning uptime,level,tags foldmultilines=false
 #1: stderr all=off uptime,level,tags foldmultilines=false

Environment Variables:
PATH=C:\Windows\System32;C:\Program Files\MySQL\MySQL Shell 8.0\bin\;C:\Windows\System32;C:\Users\dell\AppData\Local\Programs\Microsoft VS Code\bin
USERNAME=dell
OS=Windows_NT
PROCESSOR_IDENTIFIER=Intel64 Family 6 Model 42 Stepping 7, GenuineIntel



---------------  S Y S T E M  ---------------

OS:
 Windows 10 , 64 bit Build 10240 (10.0.10240.16384)
OS uptime: 0 days 12:22 hours

CPU: total 4 (initial active 4) (2 cores per cpu, 2 threads per core) family 6 model 42 stepping 7 microcode 0x29, cx8, cmov, fxsr, ht, mmx, sse, sse2, sse3, ssse3, sse4.1, sse4.2, popcnt, tsc, tscinvbit, avx, clmul, vzeroupper, clflush

Memory: 4k page, system-wide physical 1921M (48M free)
TotalPageFile size 7809M (AvailPageFile size 3M)
current process WorkingSet (physical memory assigned to process): 13M, peak: 13M
current process commit charge ("private bytes"): 87M, peak: 89M

vm_info: Java HotSpot(TM) 64-Bit Server VM (18.0.2+9-61) for windows-amd64 JRE (18.0.2+9-61), built on Jun  7 2022 13:09:01 by "mach5one" with MS VC++ 16.8 / 16.9 (VS2019)

END.
