#
# There is insufficient memory for the Java Runtime Environment to continue.
# Native memory allocation (mmap) failed to map 65536 bytes for Failed to commit metaspace.
# Possible reasons:
#   The system is out of physical RAM or swap space
#   The process is running with CompressedOops enabled, and the Java Heap may be blocking the growth of the native heap
# Possible solutions:
#   Reduce memory load on the system
#   Increase physical memory or swap space
#   Check if swap backing store is full
#   Decrease Java heap size (-Xmx/-Xms)
#   Decrease number of Java threads
#   Decrease Java thread stack sizes (-Xss)
#   Set larger code cache with -XX:ReservedCodeCacheSize=
#   JVM is running with Unscaled Compressed Oops mode in which the Java heap is
#     placed in the first 4GB address space. The Java Heap base address is the
#     maximum limit for the native heap growth. Please use -XX:HeapBaseMinAddress
#     to set the Java Heap base and to place the Java Heap above 4GB virtual address.
# This output file may be truncated or incomplete.
#
#  Out of Memory Error (virtualSpaceNode.cpp:110), pid=12240, tid=4372
#
# JRE version:  (18.0.2+9) (build )
# Java VM: Java HotSpot(TM) 64-Bit Server VM (18.0.2+9-61, mixed mode, tiered, compressed oops, compressed class ptrs, g1 gc, windows-amd64)
# No core dump will be written. Minidumps are not enabled by default on client versions of Windows
#

---------------  S U M M A R Y ------------

Command Line: -Dfile.encoding=UTF-8 --module-path=D:\c folder\Documents\NetBeansProjects\Electricty Billing System\build\classes electricty.billing.system.login

Host: Intel(R) Core(TM) i3-2328M CPU @ 2.20GHz, 4 cores, 1G,  Windows 10 , 64 bit Build 10240 (10.0.10240.16384)
Time: Tue Jun 20 17:30:49 2023 India Standard Time elapsed time: 0.184531 seconds (0d 0h 0m 0s)

---------------  T H R E A D  ---------------

Current thread (0x0000001256319cd0):  JavaThread "main" [_thread_in_vm, id=4372, stack(0x00000012559f0000,0x0000001255af0000)]

Stack: [0x00000012559f0000,0x0000001255af0000]
Native frames: (J=compiled Java code, j=interpreted, Vv=VM code, C=native code)
V  [jvm.dll+0x6993ca]
V  [jvm.dll+0x7f481d]
V  [jvm.dll+0x7f612e]
V  [jvm.dll+0x7f67e3]
V  [jvm.dll+0x25cdaf]
V  [jvm.dll+0x7f052b]
V  [jvm.dll+0x63f546]
V  [jvm.dll+0x63f5aa]
V  [jvm.dll+0x641e2e]
V  [jvm.dll+0x641cee]
V  [jvm.dll+0x63ff0e]
V  [jvm.dll+0x64a587]
V  [jvm.dll+0x2027b1]
V  [jvm.dll+0x202ce5]
V  [jvm.dll+0x20371f]
V  [jvm.dll+0x1f8bb1]
V  [jvm.dll+0x55dc05]
V  [jvm.dll+0x209a67]
V  [jvm.dll+0x76dddd]
V  [jvm.dll+0x76f116]
V  [jvm.dll+0x76f448]
V  [jvm.dll+0x2551d6]
V  [jvm.dll+0x3a13de]
C  0x000000125dc7b64e

Java frames: (J=compiled Java code, j=interpreted, Vv=VM code)
j  java.lang.ThreadLocal.<clinit>()V+0 java.base
v  ~StubRoutines::call_stub
j  java.nio.charset.Charset.<clinit>()V+17 java.base
v  ~StubRoutines::call_stub
j  java.lang.System.initPhase1()V+37 java.base
v  ~StubRoutines::call_stub

---------------  P R O C E S S  ---------------

Threads class SMR info:
_java_thread_list=0x000000120012b0b0, length=3, elements={
0x0000001256319cd0, 0x000000120012c7f0, 0x000000120012daf0
}

Java Threads: ( => current thread )
=>0x0000001256319cd0 JavaThread "main" [_thread_in_vm, id=4372, stack(0x00000012559f0000,0x0000001255af0000)]
  0x000000120012c7f0 JavaThread "Reference Handler" daemon [_thread_blocked, id=6980, stack(0x0000001200300000,0x0000001200400000)]
  0x000000120012daf0 JavaThread "Finalizer" daemon [_thread_blocked, id=7764, stack(0x0000001204400000,0x0000001204500000)]

Other Threads:
  0x00000012563ee730 VMThread "VM Thread" [stack: 0x0000001200200000,0x0000001200300000] [id=8616]
  0x000000125634b970 WorkerThread "GC Thread#0" [stack: 0x000000126dd80000,0x000000126de80000] [id=7692]
  0x00000012563504e0 ConcurrentGCThread "G1 Main Marker" [stack: 0x000000126de80000,0x000000126df80000] [id=6976]
  0x0000001256351a90 WorkerThread "G1 Conc#0" [stack: 0x000000126df80000,0x000000126e080000] [id=4308]
  0x000000125636ff80 ConcurrentGCThread "G1 Refine#0" [stack: 0x00000012704c0000,0x00000012705c0000] [id=8992]
  0x00000012563720b0 ConcurrentGCThread "G1 Service" [stack: 0x00000012705c0000,0x00000012706c0000] [id=8580]

Threads with active compile tasks:

VM state: not at safepoint (normal execution)

VM Mutex/Monitor currently owned by a thread:  ([mutex/lock_event])
[0x00000012563142e0] Metaspace_lock - owner thread: 0x0000001256319cd0

Heap address: 0x00000000e1e00000, size: 482 MB, Compressed Oops mode: 32-bit

CDS archive(s) not mapped
Compressed class space mapped at: 0x0000000100000000-0x0000000140000000, reserved size: 1073741824
Narrow klass base: 0x0000000000000000, Narrow klass shift: 3, Narrow klass range: 0x140000000

GC Precious Log:
 CardTable entry size: 512
 Card Set container configuration: InlinePtr #cards 5 size 8 Array Of Cards #cards 12 size 40 Howl #buckets 4 coarsen threshold 1843 Howl Bitmap #cards 512 size 80 coarsen threshold 460 Card regions per heap region 1 cards per card region 2048
 CPUs: 4 total, 4 available
 Memory: 1921M
 Large Page Support: Disabled
 NUMA Support: Disabled
 Compressed Oops: Enabled (32-bit)
 Heap Region Size: 1M
 Heap Min Capacity: 8M
 Heap Initial Capacity: 32M
 Heap Max Capacity: 482M
 Pre-touch: Disabled
 Parallel Workers: 4
 Concurrent Workers: 1
 Concurrent Refinement Workers: 4
 Periodic GC: Disabled

Heap:
 garbage-first heap   total 32768K, used 0K [0x00000000e1e00000, 0x0000000100000000)
  region size 1024K, 1 young (1024K), 0 survivors (0K)
 Metaspace       used 2006K, committed 2048K, reserved 1114112K
  class space    used 150K, committed 192K, reserved 1048576K

Heap Regions: E=young(eden), S=young(survivor), O=old, HS=humongous(starts), HC=humongous(continues), CS=collection set, F=free, OA=open archive, CA=closed archive, TAMS=top-at-mark-start (previous, next)
|   0|0x00000000e1e00000, 0x00000000e1e00000, 0x00000000e1f00000|  0%| F|  |TAMS 0x00000000e1e00000, 0x00000000e1e00000| Untracked 
|   1|0x00000000e1f00000, 0x00000000e1f00000, 0x00000000e2000000|  0%| F|  |TAMS 0x00000000e1f00000, 0x00000000e1f00000| Untracked 
|   2|0x00000000e2000000, 0x00000000e2000000, 0x00000000e2100000|  0%| F|  |TAMS 0x00000000e2000000, 0x00000000e2000000| Untracked 
|   3|0x00000000e2100000, 0x00000000e2100000, 0x00000000e2200000|  0%| F|  |TAMS 0x00000000e2100000, 0x00000000e2100000| Untracked 
|   4|0x00000000e2200000, 0x00000000e2200000, 0x00000000e2300000|  0%| F|  |TAMS 0x00000000e2200000, 0x00000000e2200000| Untracked 
|   5|0x00000000e2300000, 0x00000000e2300000, 0x00000000e2400000|  0%| F|  |TAMS 0x00000000e2300000, 0x00000000e2300000| Untracked 
|   6|0x00000000e2400000, 0x00000000e2400000, 0x00000000e2500000|  0%| F|  |TAMS 0x00000000e2400000, 0x00000000e2400000| Untracked 
|   7|0x00000000e2500000, 0x00000000e2500000, 0x00000000e2600000|  0%| F|  |TAMS 0x00000000e2500000, 0x00000000e2500000| Untracked 
|   8|0x00000000e2600000, 0x00000000e2600000, 0x00000000e2700000|  0%| F|  |TAMS 0x00000000e2600000, 0x00000000e2600000| Untracked 
|   9|0x00000000e2700000, 0x00000000e2700000, 0x00000000e2800000|  0%| F|  |TAMS 0x00000000e2700000, 0x00000000e2700000| Untracked 
|  10|0x00000000e2800000, 0x00000000e2800000, 0x00000000e2900000|  0%| F|  |TAMS 0x00000000e2800000, 0x00000000e2800000| Untracked 
|  11|0x00000000e2900000, 0x00000000e2900000, 0x00000000e2a00000|  0%| F|  |TAMS 0x00000000e2900000, 0x00000000e2900000| Untracked 
|  12|0x00000000e2a00000, 0x00000000e2a00000, 0x00000000e2b00000|  0%| F|  |TAMS 0x00000000e2a00000, 0x00000000e2a00000| Untracked 
|  13|0x00000000e2b00000, 0x00000000e2b00000, 0x00000000e2c00000|  0%| F|  |TAMS 0x00000000e2b00000, 0x00000000e2b00000| Untracked 
|  14|0x00000000e2c00000, 0x00000000e2c00000, 0x00000000e2d00000|  0%| F|  |TAMS 0x00000000e2c00000, 0x00000000e2c00000| Untracked 
|  15|0x00000000e2d00000, 0x00000000e2d00000, 0x00000000e2e00000|  0%| F|  |TAMS 0x00000000e2d00000, 0x00000000e2d00000| Untracked 
|  16|0x00000000e2e00000, 0x00000000e2e00000, 0x00000000e2f00000|  0%| F|  |TAMS 0x00000000e2e00000, 0x00000000e2e00000| Untracked 
|  17|0x00000000e2f00000, 0x00000000e2f00000, 0x00000000e3000000|  0%| F|  |TAMS 0x00000000e2f00000, 0x00000000e2f00000| Untracked 
|  18|0x00000000e3000000, 0x00000000e3000000, 0x00000000e3100000|  0%| F|  |TAMS 0x00000000e3000000, 0x00000000e3000000| Untracked 
|  19|0x00000000e3100000, 0x00000000e3100000, 0x00000000e3200000|  0%| F|  |TAMS 0x00000000e3100000, 0x00000000e3100000| Untracked 
|  20|0x00000000e3200000, 0x00000000e3200000, 0x00000000e3300000|  0%| F|  |TAMS 0x00000000e3200000, 0x00000000e3200000| Untracked 
|  21|0x00000000e3300000, 0x00000000e3300000, 0x00000000e3400000|  0%| F|  |TAMS 0x00000000e3300000, 0x00000000e3300000| Untracked 
|  22|0x00000000e3400000, 0x00000000e3400000, 0x00000000e3500000|  0%| F|  |TAMS 0x00000000e3400000, 0x00000000e3400000| Untracked 
|  23|0x00000000e3500000, 0x00000000e3500000, 0x00000000e3600000|  0%| F|  |TAMS 0x00000000e3500000, 0x00000000e3500000| Untracked 
|  24|0x00000000e3600000, 0x00000000e3600000, 0x00000000e3700000|  0%| F|  |TAMS 0x00000000e3600000, 0x00000000e3600000| Untracked 
|  25|0x00000000e3700000, 0x00000000e3700000, 0x00000000e3800000|  0%| F|  |TAMS 0x00000000e3700000, 0x00000000e3700000| Untracked 
|  26|0x00000000e3800000, 0x00000000e3800000, 0x00000000e3900000|  0%| F|  |TAMS 0x00000000e3800000, 0x00000000e3800000| Untracked 
|  27|0x00000000e3900000, 0x00000000e3900000, 0x00000000e3a00000|  0%| F|  |TAMS 0x00000000e3900000, 0x00000000e3900000| Untracked 
|  28|0x00000000e3a00000, 0x00000000e3a00000, 0x00000000e3b00000|  0%| F|  |TAMS 0x00000000e3a00000, 0x00000000e3a00000| Untracked 
|  29|0x00000000e3b00000, 0x00000000e3b00000, 0x00000000e3c00000|  0%| F|  |TAMS 0x00000000e3b00000, 0x00000000e3b00000| Untracked 
|  30|0x00000000e3c00000, 0x00000000e3c00000, 0x00000000e3d00000|  0%| F|  |TAMS 0x00000000e3c00000, 0x00000000e3c00000| Untracked 
|  31|0x00000000e3d00000, 0x00000000e3d85318, 0x00000000e3e00000| 52%| E|  |TAMS 0x00000000e3d00000, 0x00000000e3d00000| Complete 

Card table byte_map: [0x000000126cc60000,0x000000126cd60000] _byte_map_base: 0x000000126c551000

Marking Bits (Prev, Next): (CMBitMap*) 0x000000125634bf70, (CMBitMap*) 0x000000125634bfb0
 Prev Bits: [0x000000126ce60000, 0x000000126d5e8000)
 Next Bits: [0x000000126d5f0000, 0x000000126dd78000)

Polling page: 0x0000001253ec0000

Metaspace:

Usage:
  Non-class:      1.81 MB used.
      Class:    150.91 KB used.
       Both:      1.96 MB used.

Virtual space:
  Non-class space:       64.00 MB reserved,       1.81 MB (  3%) committed,  1 nodes.
      Class space:        1.00 GB reserved,     192.00 KB ( <1%) committed,  1 nodes.
             Both:        1.06 GB reserved,       2.00 MB ( <1%) committed. 

Chunk freelists:
   Non-Class:  0 bytes
       Class:  3.75 MB
        Both:  3.75 MB

MaxMetaspaceSize: unlimited
CompressedClassSpaceSize: 1.00 GB
Initial GC threshold: 21.00 MB
Current GC threshold: 17179869184.00 GB
CDS: off
MetaspaceReclaimPolicy: balanced
 - commit_granule_bytes: 65536.
 - commit_granule_words: 8192.
 - virtual_space_node_default_size: 8388608.
 - enlarge_chunks_in_place: 1.
 - new_chunks_are_fully_committed: 0.
 - uncommit_free_chunks: 1.
 - use_allocation_guard: 0.


Internal statistics:

num_allocs_failed_limit: 0.
num_arena_births: 2.
num_arena_deaths: 0.
num_vsnodes_births: 2.
num_vsnodes_deaths: 0.
num_space_committed: 32.
num_space_uncommitted: 0.
num_chunks_returned_to_freelist: 0.
num_chunks_taken_from_freelist: 3.
num_chunk_merges: 0.
num_chunk_splits: 1.
num_chunks_enlarged: 0.
num_inconsistent_stats: 0.

CodeHeap 'non-profiled nmethods': size=120000Kb used=0Kb max_used=0Kb free=120000Kb
 bounds [0x0000001265730000, 0x00000012659a0000, 0x000000126cc60000]
CodeHeap 'profiled nmethods': size=120000Kb used=0Kb max_used=0Kb free=120000Kb
 bounds [0x000000125e200000, 0x000000125e470000, 0x0000001265730000]
CodeHeap 'non-nmethods': size=5760Kb used=378Kb max_used=378Kb free=5381Kb
 bounds [0x000000125dc60000, 0x000000125ded0000, 0x000000125e200000]
 total_blobs=157 nmethods=0 adapters=130
 compilation: enabled
              stopped_count=0, restarted_count=0
 full_count=0

Compilation events (0 events):
No events

GC Heap History (0 events):
No events

Deoptimization events (0 events):
No events

Classes loaded (20 events):
Event: 0.156 Loading class java/util/concurrent/locks/LockSupport done
Event: 0.156 Loading class java/util/concurrent/ConcurrentHashMap$ReservationNode
Event: 0.156 Loading class java/util/concurrent/ConcurrentHashMap$ReservationNode done
Event: 0.156 Loading class java/util/HashMap$EntrySet
Event: 0.156 Loading class java/util/AbstractSet
Event: 0.157 Loading class java/util/AbstractSet done
Event: 0.157 Loading class java/util/HashMap$EntrySet done
Event: 0.157 Loading class java/util/HashMap$EntryIterator
Event: 0.157 Loading class java/util/HashMap$HashIterator
Event: 0.157 Loading class java/util/HashMap$HashIterator done
Event: 0.157 Loading class java/util/HashMap$EntryIterator done
Event: 0.158 Loading class java/nio/charset/Charset
Event: 0.158 Loading class java/nio/charset/Charset done
Event: 0.158 Loading class sun/nio/cs/StandardCharsets
Event: 0.159 Loading class java/nio/charset/spi/CharsetProvider
Event: 0.159 Loading class java/nio/charset/spi/CharsetProvider done
Event: 0.159 Loading class sun/nio/cs/StandardCharsets done
Event: 0.159 Loading class java/lang/ThreadLocal
Event: 0.159 Loading class java/lang/ThreadLocal done
Event: 0.160 Loading class java/util/concurrent/atomic/AtomicInteger

Classes unloaded (0 events):
No events

Classes redefined (0 events):
No events

Internal exceptions (0 events):
No events

VM Operations (0 events):
No events

Events (5 events):
Event: 0.022 Loaded shared library C:\Program Files\Java\jdk-18.0.2\bin\java.dll
Event: 0.114 Loaded shared library C:\Program Files\Java\jdk-18.0.2\bin\jsvml.dll
Event: 0.114 Thread 0x0000001256319cd0 Thread added: 0x0000001256319cd0
Event: 0.130 Thread 0x000000120012c7f0 Thread added: 0x000000120012c7f0
Event: 0.131 Thread 0x000000120012daf0 Thread added: 0x000000120012daf0


Dynamic libraries:
0x00007ff6612d0000 - 0x00007ff6612e0000 	C:\Program Files\Java\jdk-18.0.2\bin\java.exe
0x00007ffc83180000 - 0x00007ffc83342000 	C:\Windows\SYSTEM32\ntdll.dll
0x00007ffc80a10000 - 0x00007ffc80abd000 	C:\Windows\system32\KERNEL32.DLL
0x00007ffc7fc50000 - 0x00007ffc7fe2d000 	C:\Windows\system32\KERNELBASE.dll
0x00007ffc748e0000 - 0x00007ffc748f8000 	C:\Program Files\Java\jdk-18.0.2\bin\jli.dll
0x00007ffc79220000 - 0x00007ffc7923a000 	C:\Program Files\Java\jdk-18.0.2\bin\VCRUNTIME140.dll
0x00007ffc78860000 - 0x00007ffc78952000 	C:\Windows\SYSTEM32\ucrtbase.dll
0x00007ffc80f10000 - 0x00007ffc80fb6000 	C:\Windows\system32\ADVAPI32.dll
0x00007ffc82900000 - 0x00007ffc8299d000 	C:\Windows\system32\msvcrt.dll
0x00007ffc828a0000 - 0x00007ffc828fb000 	C:\Windows\system32\sechost.dll
0x00007ffc80c10000 - 0x00007ffc80d36000 	C:\Windows\system32\RPCRT4.dll
0x00007ffc80ac0000 - 0x00007ffc80c0e000 	C:\Windows\system32\USER32.dll
0x00007ffc82650000 - 0x00007ffc827d5000 	C:\Windows\system32\GDI32.dll
0x00007ffc739a0000 - 0x00007ffc73c14000 	C:\Windows\WinSxS\amd64_microsoft.windows.common-controls_6595b64144ccf1df_6.0.10240.16384_none_f41f7b285750ef43\COMCTL32.dll
0x00007ffc7cb70000 - 0x00007ffc7cb7a000 	C:\Windows\SYSTEM32\VERSION.dll
0x00007ffc82840000 - 0x00007ffc82876000 	C:\Windows\system32\IMM32.DLL
0x00007ffc80fc0000 - 0x00007ffc8111c000 	C:\Windows\system32\MSCTF.dll
0x00007ffc79210000 - 0x00007ffc7921c000 	C:\Program Files\Java\jdk-18.0.2\bin\vcruntime140_1.dll
0x00007ffc78060000 - 0x00007ffc780ed000 	C:\Program Files\Java\jdk-18.0.2\bin\msvcp140.dll
0x00007ffc32490000 - 0x00007ffc330a1000 	C:\Program Files\Java\jdk-18.0.2\bin\server\jvm.dll
0x00007ffc82890000 - 0x00007ffc82898000 	C:\Windows\system32\PSAPI.DLL
0x00007ffc757e0000 - 0x00007ffc75803000 	C:\Windows\SYSTEM32\WINMM.dll
0x00007ffc72700000 - 0x00007ffc72709000 	C:\Windows\SYSTEM32\WSOCK32.dll
0x00007ffc757b0000 - 0x00007ffc757dc000 	C:\Windows\SYSTEM32\WINMMBASE.dll
0x00007ffc80850000 - 0x00007ffc808b9000 	C:\Windows\system32\WS2_32.dll
0x00007ffc7fe30000 - 0x00007ffc7fe74000 	C:\Windows\system32\cfgmgr32.dll
0x00007ffc83100000 - 0x00007ffc83108000 	C:\Windows\system32\NSI.dll
0x00007ffc7e4e0000 - 0x00007ffc7e507000 	C:\Windows\SYSTEM32\DEVOBJ.dll
0x00007ffc7fbb0000 - 0x00007ffc7fbbf000 	C:\Windows\system32\kernel.appcore.dll
0x00007ffc78a90000 - 0x00007ffc78a9a000 	C:\Program Files\Java\jdk-18.0.2\bin\jimage.dll
0x00007ffc71670000 - 0x00007ffc717fa000 	C:\Windows\SYSTEM32\DBGHELP.DLL
0x00007ffc72400000 - 0x00007ffc72425000 	C:\Windows\SYSTEM32\dbgcore.DLL
0x00007ffc79110000 - 0x00007ffc79135000 	C:\Program Files\Java\jdk-18.0.2\bin\java.dll
0x00007ffc70010000 - 0x00007ffc700e6000 	C:\Program Files\Java\jdk-18.0.2\bin\jsvml.dll
0x00007ffc81120000 - 0x00007ffc82645000 	C:\Windows\system32\SHELL32.dll
0x00007ffc7ff40000 - 0x00007ffc80568000 	C:\Windows\system32\windows.storage.dll
0x00007ffc82dd0000 - 0x00007ffc8304c000 	C:\Windows\system32\combase.dll
0x00007ffc82d70000 - 0x00007ffc82dc1000 	C:\Windows\system32\shlwapi.dll
0x00007ffc7fe80000 - 0x00007ffc7ff33000 	C:\Windows\system32\shcore.dll
0x00007ffc7fc00000 - 0x00007ffc7fc4a000 	C:\Windows\system32\powrprof.dll
0x00007ffc7fbe0000 - 0x00007ffc7fbf3000 	C:\Windows\system32\profapi.dll

dbghelp: loaded successfully - version: 4.0.5 - missing functions: none
symbol engine: initialized successfully - sym options: 0x614 - pdb path: .;C:\Program Files\Java\jdk-18.0.2\bin;C:\Windows\SYSTEM32;C:\Windows\WinSxS\amd64_microsoft.windows.common-controls_6595b64144ccf1df_6.0.10240.16384_none_f41f7b285750ef43;C:\Program Files\Java\jdk-18.0.2\bin\server

VM Arguments:
jvm_args: -Dfile.encoding=UTF-8 --module-path=D:\c folder\Documents\NetBeansProjects\Electricty Billing System\build\classes 
java_command: electricty.billing.system.login
java_class_path (initial): D:\c folder\Documents\NetBeansProjects\Electricty Billing System\build\classes
Launcher Type: SUN_STANDARD

[Global flags]
     intx CICompilerCount                          = 3                                         {product} {ergonomic}
     uint ConcGCThreads                            = 1                                         {product} {ergonomic}
     uint G1ConcRefinementThreads                  = 4                                         {product} {ergonomic}
   size_t G1HeapRegionSize                         = 1048576                                   {product} {ergonomic}
    uintx GCDrainStackTargetSize                   = 64                                        {product} {ergonomic}
   size_t InitialHeapSize                          = 33554432                                  {product} {ergonomic}
   size_t MarkStackSize                            = 4194304                                   {product} {ergonomic}
   size_t MaxHeapSize                              = 505413632                                 {product} {ergonomic}
   size_t MaxNewSize                               = 303038464                                 {product} {ergonomic}
   size_t MinHeapDeltaBytes                        = 1048576                                   {product} {ergonomic}
   size_t MinHeapSize                              = 8388608                                   {product} {ergonomic}
    uintx NonNMethodCodeHeapSize                   = 5832780                                {pd product} {ergonomic}
    uintx NonProfiledCodeHeapSize                  = 122912730                              {pd product} {ergonomic}
    uintx ProfiledCodeHeapSize                     = 122912730                              {pd product} {ergonomic}
    uintx ReservedCodeCacheSize                    = 251658240                              {pd product} {ergonomic}
     bool SegmentedCodeCache                       = true                                      {product} {ergonomic}
   size_t SoftMaxHeapSize                          = 505413632                              {manageable} {ergonomic}
     bool UseCompressedClassPointers               = true                           {product lp64_product} {ergonomic}
     bool UseCompressedOops                        = true                           {product lp64_product} {ergonomic}
     bool UseG1GC                                  = true                                      {product} {ergonomic}
     bool UseLargePagesIndividualAllocation        = false                                  {pd product} {ergonomic}

Logging:
Log output configuration:
 #0: stdout all=warning uptime,level,tags foldmultilines=false
 #1: stderr all=off uptime,level,tags foldmultilines=false

Environment Variables:
PATH=C:\Windows\System32;C:\Program Files\MySQL\MySQL Shell 8.0\bin\;C:\Windows\System32;C:\Users\dell\AppData\Local\Programs\Microsoft VS Code\bin
USERNAME=dell
OS=Windows_NT
PROCESSOR_IDENTIFIER=Intel64 Family 6 Model 42 Stepping 7, GenuineIntel



---------------  S Y S T E M  ---------------

OS:
 Windows 10 , 64 bit Build 10240 (10.0.10240.16384)
OS uptime: 0 days 3:46 hours

CPU: total 4 (initial active 4) (2 cores per cpu, 2 threads per core) family 6 model 42 stepping 7 microcode 0x29, cx8, cmov, fxsr, ht, mmx, sse, sse2, sse3, ssse3, sse4.1, sse4.2, popcnt, tsc, tscinvbit, avx, clmul, vzeroupper, clflush

Memory: 4k page, system-wide physical 1921M (50M free)
TotalPageFile size 7809M (AvailPageFile size 1M)
current process WorkingSet (physical memory assigned to process): 17M, peak: 17M
current process commit charge ("private bytes"): 89M, peak: 89M

vm_info: Java HotSpot(TM) 64-Bit Server VM (18.0.2+9-61) for windows-amd64 JRE (18.0.2+9-61), built on Jun  7 2022 13:09:01 by "mach5one" with MS VC++ 16.8 / 16.9 (VS2019)

END.
